[6513.tilda.ws/page2756076.html]
[backblue.gif]
[fade.gif]
[index.html]
[tilda.ws/project635029/tilda-blocks-2.12bb3e.css]
[static.tildacdn.com/js/jquery-1.10.2.min.js]
[tilda.ws/project635029/tilda-blocks-2.7bb3e.js]
[static.tildacdn.com/js/tilda-scripts-2.8.min.js]
[static.tildacdn.com/js/lazyload-1.3.min.js]
[static.tildacdn.com/js/tilda-animation-1.0.min.js]
[static.tildacdn.com/tild6338-6237-4465-b064-323130313966/g54.png]
[6513.tilda.ws/page2760063.html]
[static.tildacdn.com/tild3030-6566-4365-b238-623933636134/-/resize/20x/popp.jpg]
[static.tildacdn.com/tild3833-6135-4161-a634-643037346433/-/resize/20x/553.jpg]
[static.tildacdn.com/tild3261-6563-4138-a638-653862323834/-/resize/20x/kiiiii.jpg]
[static.tildacdn.com/tild6339-6133-4765-b638-316230313961/-/resize/20x/k00.jpg]
[static.tildacdn.com/tild6539-6332-4535-b461-343235306135/-/resize/20x/O99.jpg]
[static.tildacdn.com/tild6361-6166-4733-b061-383437666635/-/resize/20x/f433.jpg]
[static.tildacdn.com/tild3335-6163-4132-a161-396537636539/-/resize/20x/y6555555555.jpg]
[static.tildacdn.com/tild3365-3038-4663-b761-363464343435/-/resize/20x/ok7777777777.jpg]
[static.tildacdn.com/tild3630-3431-4639-b362-353937656362/-/resize/20x/r333.jpg]
[static.tildacdn.com/tild3138-3263-4231-a236-323164646638/-/resize/20x/y65.jpg]
[static.tildacdn.com/tild3630-3030-4761-b539-613337343138/-/resize/20x/des7.jpg]
[static.tildacdn.com/tild3965-3563-4137-b663-623963636133/-/resize/20x/S22.jpg]
[static.tildacdn.com/tild3762-3934-4631-b436-616133323132/-/resize/20x/JI.jpg]
[static.tildacdn.com/tild6637-6662-4161-b861-666565323434/-/resize/20x/GR4.jpg]
[static.tildacdn.com/tild3864-3232-4231-b239-386462366539/-/resize/20x/454.jpg]
[static.tildacdn.com/tild3964-3561-4938-b462-386438343833/-/resize/20x/W2222W.jpg]
[static.tildacdn.com/tild3261-3862-4461-a564-366331336466/-/resize/20x/432.jpg]
[static.tildacdn.com/tild3365-6666-4165-b639-376465363934/-/resize/20x/T4443.jpg]
[static.tildacdn.com/tild6231-3238-4334-b063-623265313066/-/resize/20x/i888.jpg]
[static.tildacdn.com/tild3634-6165-4164-b834-633363636439/-/resize/20x/766.jpg]
[static.tildacdn.com/tild3338-3034-4035-a337-633666386637/-/resize/20x/654.jpg]
[static.tildacdn.com/tild3462-3465-4436-b634-343234613363/-/resize/20x/n8.jpg]
[static.tildacdn.com/tild3264-3237-4564-a361-376439303930/-/resize/20x/7yy.jpg]
[designerr.net/images/a6.jpg]
[designerr.net/images/a4.jpg]
[designerr.net/images/a7.jpg]
[designerr.net/images/a5.jpg]
[designerr.net/images/a1.jpg]
[static.tildacdn.com/img/tildacopy.png]
[6513.tilda.ws/page2756076.html]
[stat.tildacdn.com/js/tildastat-0.2.min.js]
[static.tildacdn.com/css/tilda-grid-3.0.min.css]
[tilda.ws/project635029/tilda-blocks-2.12bb3e.css]
[static.tildacdn.com/css/tilda-animation-1.0.min.css]
[tilda.ws/project635029/tilda-blocks-2.7bb3e.js]
[6513.tilda.ws/index.html]
[6513.tilda.ws/page2760005.html]
[tilda.ws/project635029/tilda-blocks-2.12a70d.css]
[tilda.ws/project635029/tilda-blocks-2.7a70d.js]
[tilda.ws/project635029/tilda-blocks-2.12cbea.css]
[6513.tilda.ws/page2760063.html]
[tilda.ws/project635029/tilda-blocks-2.7cbea.js]
[designerr.net/images/a6.jpg]
[static.tildacdn.com/tild3063-6339-4366-b330-353961356337/lokk.png]
[static.tildacdn.com/css/fonts-roboto.css]
[6513.tilda.ws/index.html]
[designerr.net/images/a4.jpg]
[designerr.net/images/a7.jpg]
[static.tildacdn.com/tild6132-3062-4433-a535-323361323162/header_home1.jpg]
[6513.tilda.ws/#!/tproduct/index.html]
[tilda.ws/project635029/tilda-blocks-2.12ec28.css]
[6513.tilda.ws/tilda/popup/index.html]
[tilda.ws/project635029/tilda-blocks-2.12a70d.css]
[tilda.ws/project635029/tilda-blocks-2.7ec28.js]
[static.tildacdn.com/js/tilda-forms-1.0.min.js]
[tilda.ws/project635029/tilda-blocks-2.7a70d.js]
[static.tildacdn.com/js/tilda-slds-1.4.min.js]
[static.tildacdn.com/js/hammer.min.js]
[tilda.ws/project635029/tilda-blocks-2.12cbea.css]
[static.tildacdn.com/js/tilda-zoom-2.0.min.js]
[static.tildacdn.com/js/bootstrap.min.js]
[tilda.ws/project635029/tilda-blocks-2.7cbea.js]
[static.tildacdn.com/js/tilda-map-1.0.min.js]
[6513.tilda.ws/page2746166.html]
[6513.tilda.ws/page2670893.html]
[static.tildacdn.com/tild3832-3437-4735-a163-333463313737/-/resize/20x/D329.jpg]
[designerr.net/images/a6.jpg]
[designerr.net/images/a4.jpg]
