[meloo.rascalsthemes.com/light/index.html]
[backblue.gif]
[fade.gif]
[index.html]
[meloo.rascalsthemes.com/light/js/audio-player/css/scamp.player.css]
[meloo.rascalsthemes.com/light/js/audio-player/css/scamp.player.light.css]
[meloo.rascalsthemes.com/light/ico/icomoon.css]
[meloo.rascalsthemes.com/light/ico/Pe-icon-7-stroke.css]
[meloo.rascalsthemes.com/light/css/magnific-popup.css]
[meloo.rascalsthemes.com/light/css/style.css]
[meloo.rascalsthemes.com/light/grid.html]
[meloo.rascalsthemes.com/light/media.html]
[meloo.rascalsthemes.com/light/elements.html]
[meloo.rascalsthemes.com/light/404.html]
[meloo.rascalsthemes.com/light/images/intro-image-01.jpg]
[meloo.rascalsthemes.com/light/js/jquery.min.js]
[meloo.rascalsthemes.com/light/images/release03-big.jpg]
[meloo.rascalsthemes.com/light/images/release03.jpg]
[meloo.rascalsthemes.com/light/images/release01-big.jpg]
[meloo.rascalsthemes.com/light/images/release01.jpg]
[meloo.rascalsthemes.com/light/images/release08-big.jpg]
[meloo.rascalsthemes.com/light/project08.html]
[meloo.rascalsthemes.com/light/images/release08.jpg]
[meloo.rascalsthemes.com/light/project01.html]
[meloo.rascalsthemes.com/light/project02.html]
[meloo.rascalsthemes.com/light/images/release02.jpg]
[meloo.rascalsthemes.com/light/project03.html]
[meloo.rascalsthemes.com/light/project04.html]
[meloo.rascalsthemes.com/light/images/release04.jpg]
[meloo.rascalsthemes.com/light/project05.html]
[meloo.rascalsthemes.com/light/images/release05.jpg]
[meloo.rascalsthemes.com/light/project06.html]
[meloo.rascalsthemes.com/light/images/release06.jpg]
[meloo.rascalsthemes.com/light/project07.html]
[meloo.rascalsthemes.com/light/images/release07.jpg]
[meloo.rascalsthemes.com/light/project09.html]
[meloo.rascalsthemes.com/light/images/release09.jpg]
[meloo.rascalsthemes.com/light/project10.html]
[meloo.rascalsthemes.com/light/images/release10.jpg]
[meloo.rascalsthemes.com/light/event-future01.html]
[meloo.rascalsthemes.com/light/event-future02.html]
[meloo.rascalsthemes.com/light/images/bio-image.png]
[meloo.rascalsthemes.com/light/images/testimonial-image-01.jpg]
[meloo.rascalsthemes.com/light/images/testimonial-image-02.jpg]
[meloo.rascalsthemes.com/light/js/jquery.easing-1.3.min.js]
[meloo.rascalsthemes.com/light/js/jquery.isotope.min.js]
[meloo.rascalsthemes.com/light/js/imagesloaded.min.js]
[meloo.rascalsthemes.com/light/js/jquery.bxslider.js]
[meloo.rascalsthemes.com/light/js/nprogress.js]
[meloo.rascalsthemes.com/light/js/jquery.countdown.js]
[meloo.rascalsthemes.com/light/js/smooth-scrollbar.js]
[meloo.rascalsthemes.com/light/js/jquery.magnific-popup.min.js]
[meloo.rascalsthemes.com/light/js/audio-player/js/sdk.js]
[meloo.rascalsthemes.com/light/js/audio-player/js/jquery.shoutcast.min.js]
[meloo.rascalsthemes.com/light/js/audio-player/js/soundmanager2-nodebug-jsmin.js]
[meloo.rascalsthemes.com/light/js/audio-player/jquery.scamp.player.min.js]
[meloo.rascalsthemes.com/light/js/jquery.gmap.min.js]
[meloo.rascalsthemes.com/light/index.html]
[meloo.rascalsthemes.com/light/js/scripts.js]
[meloo.rascalsthemes.com/light/js/audio-player/fonts/style.css]
[meloo.rascalsthemes.com/light/js/audio-player/css/scamp.player.css]
[meloo.rascalsthemes.com/light/js/audio-player/css/scamp.player.light.css]
[meloo.rascalsthemes.com/light/js/custom.js]
[meloo.rascalsthemes.com/light/ico/fonts/icomoon.ttf]
[meloo.rascalsthemes.com/light/ico/fonts/icomoon.woff]
[meloo.rascalsthemes.com/light/ico/icomoon.css]
[meloo.rascalsthemes.com/light/ico/fonts/Pe-icon-7-stroke.woff]
[meloo.rascalsthemes.com/light/ico/fonts/Pe-icon-7-stroke.ttf]
[meloo.rascalsthemes.com/light/ico/Pe-icon-7-stroke.css]
[meloo.rascalsthemes.com/light/css/magnific-popup.css]
[meloo.rascalsthemes.com/light/images/bg01.jpg]
[meloo.rascalsthemes.com/light/images/countdown-bg.jpg]
[meloo.rascalsthemes.com/light/images/countdown-unit-bg.jpg]
[meloo.rascalsthemes.com/light/images/events-bg.jpg]
[meloo.rascalsthemes.com/light/images/bio-bg.jpg]
[meloo.rascalsthemes.com/light/images/newsletter-bg.jpg]
[meloo.rascalsthemes.com/light/images/404.jpg]
[meloo.rascalsthemes.com/light/images/gallery-mosaic-01.jpg]
[meloo.rascalsthemes.com/light/images/gallery-mosaic-02.jpg]
[meloo.rascalsthemes.com/light/images/gallery-mosaic-03.jpg]
[meloo.rascalsthemes.com/light/images/gallery-mosaic-04.jpg]
[meloo.rascalsthemes.com/light/images/gallery-mosaic-05.jpg]
[meloo.rascalsthemes.com/light/images/gallery-mosaic-06.jpg]
[meloo.rascalsthemes.com/light/images/gallery-mosaic-07.jpg]
[meloo.rascalsthemes.com/light/images/gallery-mosaic-08.jpg]
[meloo.rascalsthemes.com/light/images/overlay.png]
[meloo.rascalsthemes.com/light/images/bg_animated.gif]
[meloo.rascalsthemes.com/light/css/style.css]
[meloo.rascalsthemes.com/light/images/logo.svg]
[meloo.rascalsthemes.com/light/images/logo-light.svg]
[meloo.rascalsthemes.com/light/index-2.html]
[meloo.rascalsthemes.com/light/grid.html]
[meloo.rascalsthemes.com/light/media.html]
[meloo.rascalsthemes.com/light/elements.html]
[meloo.rascalsthemes.com/light/404.html]
[meloo.rascalsthemes.com/light/images/badge-soundcloud.png]
[meloo.rascalsthemes.com/light/images/badge-bandcamp.png]
[meloo.rascalsthemes.com/light/images/badge-google_play.png]
[meloo.rascalsthemes.com/light/images/badge-beatport.png]
[meloo.rascalsthemes.com/light/images/badge-itunes.png]
[meloo.rascalsthemes.com/light/project08.html]
[meloo.rascalsthemes.com/light/project01.html]
[meloo.rascalsthemes.com/light/mp3/adg3com_bustedchump.mp3]
[meloo.rascalsthemes.com/light/images/release02-blured.jpg]
[meloo.rascalsthemes.com/light/project02.html]
[meloo.rascalsthemes.com/light/project03.html]
[meloo.rascalsthemes.com/light/images/release04-blured.jpg]
[meloo.rascalsthemes.com/light/project04.html]
[meloo.rascalsthemes.com/light/project05.html]
[meloo.rascalsthemes.com/light/images/release06-blured.jpg]
[meloo.rascalsthemes.com/light/project06.html]
[meloo.rascalsthemes.com/light/images/release07-blured.jpg]
[meloo.rascalsthemes.com/light/project07.html]
[meloo.rascalsthemes.com/light/images/release09-blured.jpg]
[meloo.rascalsthemes.com/light/project09.html]
[meloo.rascalsthemes.com/light/images/release10-big.jpg]
[meloo.rascalsthemes.com/light/project10.html]
[meloo.rascalsthemes.com/light/images/event-bg01.jpg]
[meloo.rascalsthemes.com/light/images/event-poster01.jpg]
[meloo.rascalsthemes.com/light/event-future01.html]
[meloo.rascalsthemes.com/light/images/event-bg02.jpg]
[meloo.rascalsthemes.com/light/images/event-poster02.jpg]
[meloo.rascalsthemes.com/light/event-future02.html]
[meloo.rascalsthemes.com/light/js/audio-player/fonts/Scamp-Player.ttf]
[meloo.rascalsthemes.com/light/js/audio-player/fonts/Scamp-Player.woff]
[meloo.rascalsthemes.com/light/js/audio-player/fonts/style.css]
[meloo.rascalsthemes.com/light/js/audio-player/img/eq2.svg]
[meloo.rascalsthemes.com/light/ico/fonts/icomoon.svg]
[meloo.rascalsthemes.com/light/images/icon-cursor-close.svg]
[meloo.rascalsthemes.com/light/images/quote-start.svg]
[meloo.rascalsthemes.com/light/images/quote-end.svg]
[meloo.rascalsthemes.com/light/index-2.html]
[meloo.rascalsthemes.com/light/js/audio-player/fonts/Scamp-Player.svg]
