[6513.tilda.ws/page2756076.html]
[backblue.gif]
[fade.gif]
[index.html]
[static.tildacdn.com/tild6264-3637-4263-b234-383337316337/3ee.jpg]
[static.tildacdn.com/css/tilda-grid-3.0.min.css]
[tilda.ws/project635029/tilda-blocks-2.122cc3.css]
[static.tildacdn.com/css/tilda-animation-1.0.min.css]
[tilda.ws/project635029/tilda-blocks-2.72cc3.js]
[static.tildacdn.com/js/lazyload-1.3.min.js]
[static.tildacdn.com/js/tilda-scripts-2.8.min.js]
[static.tildacdn.com/js/tilda-animation-1.0.min.js]
[static.tildacdn.com/js/jquery-1.10.2.min.js]
[static.tildacdn.com/tild6264-3637-4263-b234-383337316337/-/resize/20x/3ee.jpg]
[static.tildacdn.com/tild3438-3362-4064-b739-666137353764/-/resize/20x/s2222222222222222222.jpg]
[static.tildacdn.com/img/tildacopy.png]
[6513.tilda.ws/page2756076.html]
[static.tildacdn.com/css/tilda-grid-3.0.min.css]
[stat.tildacdn.com/js/tildastat-0.2.min.js]
[tilda.ws/project635029/tilda-blocks-2.122cc3.css]
[static.tildacdn.com/css/tilda-animation-1.0.min.css]
[tilda.ws/project635029/tilda-blocks-2.72cc3.js]
[static.tildacdn.com/css/fonts-roboto.css]
[6513.tilda.ws/#!/tproduct/index.html]
[6513.tilda.ws/index.html]
[static.tildacdn.com/css/fonts-roboto.css]
[static.tildacdn.com/tild6638-3362-4639-a431-623666343431/-/resize/20x/design.jpg]
[static.tildacdn.com/tild6132-3062-4433-a535-323361323162/header_home1.jpg]
[tilda.ws/project635029/tilda-blocks-2.122afd.css]
[static.tildacdn.com/css/tilda-slds-1.4.min.css]
[static.tildacdn.com/css/tilda-zoom-2.0.min.css]
[tilda.ws/project635029/tilda-blocks-2.72afd.js]
[static.tildacdn.com/js/tilda-forms-1.0.min.js]
[static.tildacdn.com/js/tilda-slds-1.4.min.js]
[static.tildacdn.com/js/hammer.min.js]
[static.tildacdn.com/js/tilda-zoom-2.0.min.js]
[static.tildacdn.com/js/bootstrap.min.js]
[static.tildacdn.com/js/tilda-map-1.0.min.js]
[6513.tilda.ws/page2664877.html]
[6513.tilda.ws/page2746166.html]
[6513.tilda.ws/page2670893.html]
[static.tildacdn.com/tild3832-3437-4735-a163-333463313737/-/resize/20x/D329.jpg]
[static.tildacdn.com/tild3833-6231-4131-a338-346436643135/-/resize/20x/gtlogo.jpg]
[6513.tilda.ws/index.html]
[6513.tilda.ws/#!/tproduct/index.html]
[6513.tilda.ws/tilda/popup/index.html]
[tilda.ws/project635029/tilda-blocks-2.122afd.css]
[static.tildacdn.com/css/tilda-slds-1.4.min.css]
[static.tildacdn.com/css/tilda-zoom-2.0.min.css]
[tilda.ws/project635029/tilda-blocks-2.72afd.js]
[6513.tilda.ws/page2664877.html]
[tilda.ws/project635029/tilda-blocks-2.12947c.css]
[tilda.ws/project635029/tilda-blocks-2.7947c.js]
[static.tildacdn.com/tild3861-3734-4330-a237-313431303963/-/resize/20x/b0ec445e7f35411d9be6.jpg]
[static.tildacdn.com/tild3432-3731-4738-a365-343830316561/-/resize/20x/bfbd370b4d7f43f99ef1.jpg]
[static.tildacdn.com/tild3566-6135-4936-a334-333033653161/-/resize/20x/0f4369628b4a471297e8.jpg]
[static.tildacdn.com/tild3364-3736-4566-b166-306462313735/-/resize/20x/dcb605a6401d47b7a766.jpg]
[static.tildacdn.com/tild6139-3639-4531-a265-326333396632/-/resize/20x/6e4df020b01e4cfd9ec1.jpg]
[static.tildacdn.com/tild3333-6638-4534-b032-333063646538/-/resize/20x/4b16bc8a19aa461894e0.jpg]
[static.tildacdn.com/tild6665-6366-4235-a137-643732633435/-/resize/20x/0b32aaf957ff40c7a9c6.jpg]
[static.tildacdn.com/tild6261-3437-4665-a634-393830343536/-/resize/20x/8d060630fa304e52bcba.jpg]
[6513.tilda.ws/page2746166.html]
[static.tildacdn.com/tild3330-3066-4434-a132-656136653634/32967824155_1eee4b1c.jpg]
[tilda.ws/project635029/tilda-blocks-2.12d824.css]
[static.tildacdn.com/css/tilda-popup-1.1.min.css]
[tilda.ws/project635029/tilda-blocks-2.7d824.js]
[static.tildacdn.com/js/tilda-products-1.0.min.js]
[6513.tilda.ws/page2670893.html]
[6513.tilda.ws/page2732558.html]
[tilda.ws/project635029/tilda-blocks-2.12947c.css]
[tilda.ws/project635029/tilda-blocks-2.7947c.js]
[6513.tilda.ws/page2739665.html]
[tilda.ws/project635029/tilda-blocks-2.12d824.css]
[static.tildacdn.com/css/tilda-popup-1.1.min.css]
[tilda.ws/project635029/tilda-blocks-2.7d824.js]
[tilda.ws/project635029/tilda-blocks-2.120b65.css]
[tilda.ws/project635029/tilda-blocks-2.70b65.js]
[static.tildacdn.com/tild6130-6536-4733-b631-363765396264/-/resize/20x/g44444.jpg]
[6513.tilda.ws/page2741465.html]
[static.tildacdn.com/tild3565-6135-4637-b030-333531653433/-/resize/20x/1.png]
[static.tildacdn.com/tild3131-3834-4463-a565-363936666565/-/resize/20x/ImageHandler1.jpg]
[static.tildacdn.com/tild3638-6536-4933-a631-386332366664/-/resize/20x/Artboard1.png]
[static.tildacdn.com/tild3336-3332-4366-b836-303932663638/-/resize/20x/ImageHandler3.jpg]
[static.tildacdn.com/tild6430-6534-4263-b137-373135336331/-/resize/20x/Artboard2.png]
[static.tildacdn.com/tild6664-6535-4130-b461-623236313639/-/resize/20x/ImageHandler3.jpg]
[static.tildacdn.com/tild3137-3632-4735-b030-613432656132/-/resize/20x/Artboard3.png]
[static.tildacdn.com/tild3736-6330-4130-b434-363931346262/-/resize/20x/Artboard4.png]
[static.tildacdn.com/tild6666-3935-4635-b730-653536363231/-/resize/20x/ImageHandler4.jpg]
[static.tildacdn.com/tild6134-3039-4437-a633-656261633737/-/resize/20x/Artboard5.png]
[static.tildacdn.com/tild3565-6135-4637-b030-333531653433/1.png]
[static.tildacdn.com/tild3131-3834-4463-a565-363936666565/ImageHandler1.jpg]
[static.tildacdn.com/tild6135-3233-4836-a230-363061663065/ImageHandler.jpg]
[static.tildacdn.com/tild6135-3233-4836-a230-363061663065/-/resize/20x/ImageHandler.jpg]
[static.tildacdn.com/tild3638-6536-4933-a631-386332366664/Artboard1.png]
[static.tildacdn.com/tild3336-3332-4366-b836-303932663638/ImageHandler3.jpg]
[static.tildacdn.com/tild3539-6633-4833-a565-343864653166/ImageHandler4.jpg]
[static.tildacdn.com/tild3539-6633-4833-a565-343864653166/-/resize/20x/ImageHandler4.jpg]
[static.tildacdn.com/tild6430-6534-4263-b137-373135336331/Artboard2.png]
[static.tildacdn.com/tild6664-6535-4130-b461-623236313639/ImageHandler3.jpg]
[static.tildacdn.com/tild3137-3632-4735-b030-613432656132/Artboard3.png]
[static.tildacdn.com/tild3736-6330-4130-b434-363931346262/Artboard4.png]
[static.tildacdn.com/tild6666-3935-4635-b730-653536363231/ImageHandler4.jpg]
[static.tildacdn.com/tild6134-3039-4437-a633-656261633737/Artboard5.png]
[static.tildacdn.com/tild3630-3762-4461-b134-386565366562/-/resize/20x/Artboard17.png]
[static.tildacdn.com/tild3939-6462-4532-b830-396661386166/-/resize/20x/Artboard18.png]
[static.tildacdn.com/tild3431-3835-4461-a531-623162633862/-/resize/20x/Artboard12.png]
[static.tildacdn.com/tild6538-6331-4234-b936-326164363437/-/resize/20x/Artboard16.png]
[static.tildacdn.com/tild6138-3637-4065-b730-633433333664/-/resize/20x/Artboard14.png]
[static.tildacdn.com/tild6333-3763-4539-a661-633335363930/-/resize/20x/ImageHandler5.jpg]
[static.tildacdn.com/tild3437-6636-4039-b037-633638303530/-/resize/20x/Artboard15.png]
[static.tildacdn.com/tild3630-3762-4461-b134-386565366562/Artboard17.png]
[static.tildacdn.com/tild3939-6462-4532-b830-396661386166/Artboard18.png]
[static.tildacdn.com/tild3431-3835-4461-a531-623162633862/Artboard12.png]
[static.tildacdn.com/tild6538-6331-4234-b936-326164363437/Artboard16.png]
[static.tildacdn.com/tild6138-3637-4065-b730-633433333664/Artboard14.png]
[static.tildacdn.com/tild6333-3763-4539-a661-633335363930/ImageHandler5.jpg]
[static.tildacdn.com/tild3437-6636-4039-b037-633638303530/Artboard15.png]
[6513.tilda.ws/page2739665.html]
[tilda.ws/project635029/tilda-blocks-2.120b65.css]
[tilda.ws/project635029/tilda-blocks-2.70b65.js]
[static.tildacdn.com/tild3462-3363-4134-b930-663064623562/-/resize/20x/kaufmannmercantile290705.jpg]
[static.tildacdn.com/tild6337-6231-4936-b261-646437366535/lock-active.jpg]
[tilda.ws/project635029/tilda-blocks-2.120c26.css]
[tilda.ws/project635029/tilda-blocks-2.70c26.js]
[static.tildacdn.com/tild6337-6231-4936-b261-646437366535/-/empty/lock-active.png]
[6513.tilda.ws/page2741465.html]
[tilda.ws/project635029/tilda-blocks-2.120c26.css]
[tilda.ws/project635029/tilda-blocks-2.70c26.js]
